Flow report for MUSIC-BUZZER
Thu May 11 16:58:15 2017
Quartus Prime Version 16.1.2 Build 203 01/18/2017 SJ Standard Edition


---------------------
; Table of Contents ;
---------------------
  1. Legal Notice
  2. Flow Summary
  3. Flow Settings
  4. Flow Non-Default Global Settings
  5. Flow Elapsed Time
  6. Flow OS Summary
  7. Flow Log
  8. Flow Messages
  9. Flow Suppressed Messages



----------------
; Legal Notice ;
----------------
Copyright (C) 2017  Intel Corporation. All rights reserved.
Your use of Intel Corporation's design tools, logic functions 
and other software and tools, and its AMPP partner logic 
functions, and any output files from any of the foregoing 
(including device programming or simulation files), and any 
associated documentation or information are expressly subject 
to the terms and conditions of the Intel Program License 
Subscription Agreement, the Intel Quartus Prime License Agreement,
the Intel MegaCore Function License Agreement, or other 
applicable license agreement, including, without limitation, 
that your use is for the sole purpose of programming logic 
devices manufactured by Intel and sold by Intel or its 
authorized distributors.  Please refer to the applicable 
agreement for further details.



+--------------------------------------------------------------------------------------+
; Flow Summary                                                                         ;
+------------------------------------+-------------------------------------------------+
; Flow Status                        ; Successful - Thu May 11 16:58:12 2017           ;
; Quartus Prime Version              ; 16.1.2 Build 203 01/18/2017 SJ Standard Edition ;
; Revision Name                      ; MUSIC-BUZZER                                    ;
; Top-level Entity Name              ; MUSIC_BUZZER                                    ;
; Family                             ; Cyclone IV E                                    ;
; Device                             ; EP4CE6F17C8                                     ;
; Timing Models                      ; Final                                           ;
; Total logic elements               ; 1,129 / 6,272 ( 18 % )                          ;
;     Total combinational functions  ; 1,098 / 6,272 ( 18 % )                          ;
;     Dedicated logic registers      ; 525 / 6,272 ( 8 % )                             ;
; Total registers                    ; 525                                             ;
; Total pins                         ; 2 / 180 ( 1 % )                                 ;
; Total virtual pins                 ; 0                                               ;
; Total memory bits                  ; 18,432 / 276,480 ( 7 % )                        ;
; Embedded Multiplier 9-bit elements ; 0 / 30 ( 0 % )                                  ;
; Total PLLs                         ; 0 / 2 ( 0 % )                                   ;
+------------------------------------+-------------------------------------------------+


+-----------------------------------------+
; Flow Settings                           ;
+-------------------+---------------------+
; Option            ; Setting             ;
+-------------------+---------------------+
; Start date & time ; 05/11/2017 16:57:33 ;
; Main task         ; Compilation         ;
; Revision Name     ; MUSIC-BUZZER        ;
+-------------------+---------------------+


+--------------------------------------------------------------------------------------------------------------------------+
; Flow Non-Default Global Settings                                                                                         ;
+-------------------------------------+----------------------------------------+---------------+--------------+------------+
; Assignment Name                     ; Value                                  ; Default Value ; Entity Name  ; Section Id ;
+-------------------------------------+----------------------------------------+---------------+--------------+------------+
; COMPILER_SIGNATURE_ID               ; 141812760587639.149449305308792        ; --            ; --           ; --         ;
; MAX_CORE_JUNCTION_TEMP              ; 85                                     ; --            ; --           ; --         ;
; MIN_CORE_JUNCTION_TEMP              ; 0                                      ; --            ; --           ; --         ;
; NOMINAL_CORE_SUPPLY_VOLTAGE         ; 1.2V                                   ; --            ; --           ; --         ;
; PARTITION_COLOR                     ; -- (Not supported for targeted family) ; --            ; MUSIC_BUZZER ; Top        ;
; PARTITION_FITTER_PRESERVATION_LEVEL ; -- (Not supported for targeted family) ; --            ; MUSIC_BUZZER ; Top        ;
; PARTITION_NETLIST_TYPE              ; -- (Not supported for targeted family) ; --            ; MUSIC_BUZZER ; Top        ;
; PROJECT_OUTPUT_DIRECTORY            ; output_files                           ; --            ; --           ; --         ;
; TOP_LEVEL_ENTITY                    ; MUSIC_BUZZER                           ; MUSIC-BUZZER  ; --           ; --         ;
+-------------------------------------+----------------------------------------+---------------+--------------+------------+


+-------------------------------------------------------------------------------------------------------------------------------+
; Flow Elapsed Time                                                                                                             ;
+---------------------------+--------------+-------------------------+---------------------+------------------------------------+
; Module Name               ; Elapsed Time ; Average Processors Used ; Peak Virtual Memory ; Total CPU Time (on all processors) ;
+---------------------------+--------------+-------------------------+---------------------+------------------------------------+
; Analysis & Synthesis      ; 00:00:29     ; 1.0                     ; 696 MB              ; 00:00:51                           ;
; Fitter                    ; 00:00:06     ; 1.0                     ; 1415 MB             ; 00:00:07                           ;
; Assembler                 ; 00:00:01     ; 1.0                     ; 559 MB              ; 00:00:01                           ;
; TimeQuest Timing Analyzer ; 00:00:02     ; 1.1                     ; 646 MB              ; 00:00:02                           ;
; Total                     ; 00:00:38     ; --                      ; --                  ; 00:01:01                           ;
+---------------------------+--------------+-------------------------+---------------------+------------------------------------+


+-------------------------------------------------------------------------------------------+
; Flow OS Summary                                                                           ;
+---------------------------+--------------------+------------+------------+----------------+
; Module Name               ; Machine Hostname   ; OS Name    ; OS Version ; Processor type ;
+---------------------------+--------------------+------------+------------+----------------+
; Analysis & Synthesis      ; 许若阳的笔记本电脑 ; Windows 10 ; 10.0       ; x86_64         ;
; Fitter                    ; 许若阳的笔记本电脑 ; Windows 10 ; 10.0       ; x86_64         ;
; Assembler                 ; 许若阳的笔记本电脑 ; Windows 10 ; 10.0       ; x86_64         ;
; TimeQuest Timing Analyzer ; 许若阳的笔记本电脑 ; Windows 10 ; 10.0       ; x86_64         ;
+---------------------------+--------------------+------------+------------+----------------+


------------
; Flow Log ;
------------
quartus_map --read_settings_files=on --write_settings_files=off MUSIC-BUZZER -c MUSIC-BUZZER
quartus_fit --read_settings_files=off --write_settings_files=off MUSIC-BUZZER -c MUSIC-BUZZER
quartus_asm --read_settings_files=off --write_settings_files=off MUSIC-BUZZER -c MUSIC-BUZZER
quartus_sta MUSIC-BUZZER -c MUSIC-BUZZER



