Analysis & Synthesis report for MUSIC-BUZZER
Fri May 12 13:16:18 2017
Quartus Prime Version 16.1.2 Build 203 01/18/2017 SJ Standard Edition


---------------------
; Table of Contents ;
---------------------
  1. Legal Notice
  2. Analysis & Synthesis Summary
  3. Analysis & Synthesis Settings
  4. Parallel Compilation
  5. Analysis & Synthesis Source Files Read
  6. Analysis & Synthesis Resource Usage Summary
  7. Analysis & Synthesis Resource Utilization by Entity
  8. Analysis & Synthesis RAM Summary
  9. Analysis & Synthesis IP Cores Summary
 10. Registers Removed During Synthesis
 11. General Register Statistics
 12. Inverted Register Statistics
 13. Multiplexer Restructuring Statistics (Restructuring Performed)
 14. Source assignments for MUSIC_DATA_ROM:ROM|altsyncram:altsyncram_component|altsyncram_6cu3:auto_generated|altsyncram_9uu2:altsyncram1
 15. Parameter Settings for User Entity Instance: MUSIC_DATA_ROM:ROM|altsyncram:altsyncram_component
 16. altsyncram Parameter Settings by Entity Instance
 17. In-System Memory Content Editor Settings
 18. Post-Synthesis Netlist Statistics for Top Partition
 19. Post-Synthesis Netlist Statistics for Partition sld_hub:auto_hub
 20. Elapsed Time Per Partition
 21. Analysis & Synthesis Messages



----------------
; Legal Notice ;
----------------
Copyright (C) 2017  Intel Corporation. All rights reserved.
Your use of Intel Corporation's design tools, logic functions 
and other software and tools, and its AMPP partner logic 
functions, and any output files from any of the foregoing 
(including device programming or simulation files), and any 
associated documentation or information are expressly subject 
to the terms and conditions of the Intel Program License 
Subscription Agreement, the Intel Quartus Prime License Agreement,
the Intel MegaCore Function License Agreement, or other 
applicable license agreement, including, without limitation, 
that your use is for the sole purpose of programming logic 
devices manufactured by Intel and sold by Intel or its 
authorized distributors.  Please refer to the applicable 
agreement for further details.



+--------------------------------------------------------------------------------------+
; Analysis & Synthesis Summary                                                         ;
+------------------------------------+-------------------------------------------------+
; Analysis & Synthesis Status        ; Successful - Fri May 12 13:16:18 2017           ;
; Quartus Prime Version              ; 16.1.2 Build 203 01/18/2017 SJ Standard Edition ;
; Revision Name                      ; MUSIC-BUZZER                                    ;
; Top-level Entity Name              ; MUSIC_BUZZER                                    ;
; Family                             ; Cyclone IV E                                    ;
; Total logic elements               ; 1,133                                           ;
;     Total combinational functions  ; 1,101                                           ;
;     Dedicated logic registers      ; 525                                             ;
; Total registers                    ; 525                                             ;
; Total pins                         ; 2                                               ;
; Total virtual pins                 ; 0                                               ;
; Total memory bits                  ; 18,432                                          ;
; Embedded Multiplier 9-bit elements ; 0                                               ;
; Total PLLs                         ; 0                                               ;
+------------------------------------+-------------------------------------------------+


+----------------------------------------------------------------------------------------------------------------------+
; Analysis & Synthesis Settings                                                                                        ;
+----------------------------------------------------------------------------+--------------------+--------------------+
; Option                                                                     ; Setting            ; Default Value      ;
+----------------------------------------------------------------------------+--------------------+--------------------+
; Device                                                                     ; EP4CE6F17C8        ;                    ;
; Top-level entity name                                                      ; MUSIC_BUZZER       ; MUSIC-BUZZER       ;
; Family name                                                                ; Cyclone IV E       ; Cyclone V          ;
; Use smart compilation                                                      ; Off                ; Off                ;
; Enable parallel Assembler and TimeQuest Timing Analyzer during compilation ; On                 ; On                 ;
; Enable compact report table                                                ; Off                ; Off                ;
; Restructure Multiplexers                                                   ; Auto               ; Auto               ;
; Create Debugging Nodes for IP Cores                                        ; Off                ; Off                ;
; Preserve fewer node names                                                  ; On                 ; On                 ;
; OpenCore Plus hardware evaluation                                          ; Enable             ; Enable             ;
; Verilog Version                                                            ; Verilog_2001       ; Verilog_2001       ;
; VHDL Version                                                               ; VHDL_1993          ; VHDL_1993          ;
; State Machine Processing                                                   ; Auto               ; Auto               ;
; Safe State Machine                                                         ; Off                ; Off                ;
; Extract Verilog State Machines                                             ; On                 ; On                 ;
; Extract VHDL State Machines                                                ; On                 ; On                 ;
; Ignore Verilog initial constructs                                          ; Off                ; Off                ;
; Iteration limit for constant Verilog loops                                 ; 5000               ; 5000               ;
; Iteration limit for non-constant Verilog loops                             ; 250                ; 250                ;
; Add Pass-Through Logic to Inferred RAMs                                    ; On                 ; On                 ;
; Infer RAMs from Raw Logic                                                  ; On                 ; On                 ;
; Parallel Synthesis                                                         ; On                 ; On                 ;
; DSP Block Balancing                                                        ; Auto               ; Auto               ;
; NOT Gate Push-Back                                                         ; On                 ; On                 ;
; Power-Up Don't Care                                                        ; On                 ; On                 ;
; Remove Redundant Logic Cells                                               ; Off                ; Off                ;
; Remove Duplicate Registers                                                 ; On                 ; On                 ;
; Ignore CARRY Buffers                                                       ; Off                ; Off                ;
; Ignore CASCADE Buffers                                                     ; Off                ; Off                ;
; Ignore GLOBAL Buffers                                                      ; Off                ; Off                ;
; Ignore ROW GLOBAL Buffers                                                  ; Off                ; Off                ;
; Ignore LCELL Buffers                                                       ; Off                ; Off                ;
; Ignore SOFT Buffers                                                        ; On                 ; On                 ;
; Limit AHDL Integers to 32 Bits                                             ; Off                ; Off                ;
; Optimization Technique                                                     ; Balanced           ; Balanced           ;
; Carry Chain Length                                                         ; 70                 ; 70                 ;
; Auto Carry Chains                                                          ; On                 ; On                 ;
; Auto Open-Drain Pins                                                       ; On                 ; On                 ;
; Perform WYSIWYG Primitive Resynthesis                                      ; Off                ; Off                ;
; Auto ROM Replacement                                                       ; On                 ; On                 ;
; Auto RAM Replacement                                                       ; On                 ; On                 ;
; Auto DSP Block Replacement                                                 ; On                 ; On                 ;
; Auto Shift Register Replacement                                            ; Auto               ; Auto               ;
; Allow Shift Register Merging across Hierarchies                            ; Auto               ; Auto               ;
; Auto Clock Enable Replacement                                              ; On                 ; On                 ;
; Strict RAM Replacement                                                     ; Off                ; Off                ;
; Allow Synchronous Control Signals                                          ; On                 ; On                 ;
; Force Use of Synchronous Clear Signals                                     ; Off                ; Off                ;
; Auto RAM Block Balancing                                                   ; On                 ; On                 ;
; Auto RAM to Logic Cell Conversion                                          ; Off                ; Off                ;
; Auto Resource Sharing                                                      ; Off                ; Off                ;
; Allow Any RAM Size For Recognition                                         ; Off                ; Off                ;
; Allow Any ROM Size For Recognition                                         ; Off                ; Off                ;
; Allow Any Shift Register Size For Recognition                              ; Off                ; Off                ;
; Use LogicLock Constraints during Resource Balancing                        ; On                 ; On                 ;
; Ignore translate_off and synthesis_off directives                          ; Off                ; Off                ;
; Timing-Driven Synthesis                                                    ; On                 ; On                 ;
; Report Parameter Settings                                                  ; On                 ; On                 ;
; Report Source Assignments                                                  ; On                 ; On                 ;
; Report Connectivity Checks                                                 ; On                 ; On                 ;
; Ignore Maximum Fan-Out Assignments                                         ; Off                ; Off                ;
; Synchronization Register Chain Length                                      ; 2                  ; 2                  ;
; PowerPlay Power Optimization During Synthesis                              ; Normal compilation ; Normal compilation ;
; HDL message level                                                          ; Level2             ; Level2             ;
; Suppress Register Optimization Related Messages                            ; Off                ; Off                ;
; Number of Removed Registers Reported in Synthesis Report                   ; 5000               ; 5000               ;
; Number of Swept Nodes Reported in Synthesis Report                         ; 5000               ; 5000               ;
; Number of Inverted Registers Reported in Synthesis Report                  ; 100                ; 100                ;
; Clock MUX Protection                                                       ; On                 ; On                 ;
; Auto Gated Clock Conversion                                                ; Off                ; Off                ;
; Block Design Naming                                                        ; Auto               ; Auto               ;
; SDC constraint protection                                                  ; Off                ; Off                ;
; Synthesis Effort                                                           ; Auto               ; Auto               ;
; Shift Register Replacement - Allow Asynchronous Clear Signal               ; On                 ; On                 ;
; Pre-Mapping Resynthesis Optimization                                       ; Off                ; Off                ;
; Analysis & Synthesis Message Level                                         ; Medium             ; Medium             ;
; Disable Register Merging Across Hierarchies                                ; Auto               ; Auto               ;
; Resource Aware Inference For Block RAM                                     ; On                 ; On                 ;
+----------------------------------------------------------------------------+--------------------+--------------------+


+------------------------------------------+
; Parallel Compilation                     ;
+----------------------------+-------------+
; Processors                 ; Number      ;
+----------------------------+-------------+
; Number detected on machine ; 4           ;
; Maximum allowed            ; 4           ;
;                            ;             ;
; Average used               ; 1.00        ;
; Maximum used               ; 4           ;
;                            ;             ;
; Usage by Processor         ; % Time Used ;
;     Processor 1            ; 100.0%      ;
;     Processor 2            ;   0.0%      ;
;     Processor 3            ;   0.0%      ;
;     Processor 4            ;   0.0%      ;
+----------------------------+-------------+


+-----------------------------------------------------------------------------------------------------------------------------------------------------------------------------------------------------------------------------------------------------------------------------------+
; Analysis & Synthesis Source Files Read                                                                                                                                                                                                                                            ;
+--------------------------------------------------------------------+-----------------+----------------------------------------------+-------------------------------------------------------------------------------------------------------------------------------+-------------+
; File Name with User-Entered Path                                   ; Used in Netlist ; File Type                                    ; File Name with Absolute Path                                                                                                  ; Library     ;
+--------------------------------------------------------------------+-----------------+----------------------------------------------+-------------------------------------------------------------------------------------------------------------------------------+-------------+
; MUSIC_BUZZER.vhd                                                   ; yes             ; User VHDL File                               ; C:/Users/Ruoya/Documents/GitHub/VHDL-Learning/MUSIC-BUZZER/MUSIC_BUZZER.vhd                                                   ;             ;
; MUSIC_DATA.mif                                                     ; yes             ; User Memory Initialization File              ; C:/Users/Ruoya/Documents/GitHub/VHDL-Learning/MUSIC-BUZZER/MUSIC_DATA.mif                                                     ;             ;
; MUSIC_DATA_ROM.vhd                                                 ; yes             ; User Wizard-Generated File                   ; C:/Users/Ruoya/Documents/GitHub/VHDL-Learning/MUSIC-BUZZER/MUSIC_DATA_ROM.vhd                                                 ;             ;
; altsyncram.tdf                                                     ; yes             ; Megafunction                                 ; c:/intelfpga/16.1/quartus/libraries/megafunctions/altsyncram.tdf                                                              ;             ;
; stratix_ram_block.inc                                              ; yes             ; Megafunction                                 ; c:/intelfpga/16.1/quartus/libraries/megafunctions/stratix_ram_block.inc                                                       ;             ;
; lpm_mux.inc                                                        ; yes             ; Megafunction                                 ; c:/intelfpga/16.1/quartus/libraries/megafunctions/lpm_mux.inc                                                                 ;             ;
; lpm_decode.inc                                                     ; yes             ; Megafunction                                 ; c:/intelfpga/16.1/quartus/libraries/megafunctions/lpm_decode.inc                                                              ;             ;
; aglobal161.inc                                                     ; yes             ; Megafunction                                 ; c:/intelfpga/16.1/quartus/libraries/megafunctions/aglobal161.inc                                                              ;             ;
; a_rdenreg.inc                                                      ; yes             ; Megafunction                                 ; c:/intelfpga/16.1/quartus/libraries/megafunctions/a_rdenreg.inc                                                               ;             ;
; altrom.inc                                                         ; yes             ; Megafunction                                 ; c:/intelfpga/16.1/quartus/libraries/megafunctions/altrom.inc                                                                  ;             ;
; altram.inc                                                         ; yes             ; Megafunction                                 ; c:/intelfpga/16.1/quartus/libraries/megafunctions/altram.inc                                                                  ;             ;
; altdpram.inc                                                       ; yes             ; Megafunction                                 ; c:/intelfpga/16.1/quartus/libraries/megafunctions/altdpram.inc                                                                ;             ;
; db/altsyncram_6cu3.tdf                                             ; yes             ; Auto-Generated Megafunction                  ; C:/Users/Ruoya/Documents/GitHub/VHDL-Learning/MUSIC-BUZZER/db/altsyncram_6cu3.tdf                                             ;             ;
; db/altsyncram_9uu2.tdf                                             ; yes             ; Auto-Generated Megafunction                  ; C:/Users/Ruoya/Documents/GitHub/VHDL-Learning/MUSIC-BUZZER/db/altsyncram_9uu2.tdf                                             ;             ;
; sld_mod_ram_rom.vhd                                                ; yes             ; Encrypted Megafunction                       ; c:/intelfpga/16.1/quartus/libraries/megafunctions/sld_mod_ram_rom.vhd                                                         ;             ;
; sld_jtag_endpoint_adapter.vhd                                      ; yes             ; Encrypted Megafunction                       ; c:/intelfpga/16.1/quartus/libraries/megafunctions/sld_jtag_endpoint_adapter.vhd                                               ;             ;
; sld_jtag_endpoint_adapter_impl.sv                                  ; yes             ; Encrypted Megafunction                       ; c:/intelfpga/16.1/quartus/libraries/megafunctions/sld_jtag_endpoint_adapter_impl.sv                                           ;             ;
; sld_rom_sr.vhd                                                     ; yes             ; Encrypted Megafunction                       ; c:/intelfpga/16.1/quartus/libraries/megafunctions/sld_rom_sr.vhd                                                              ;             ;
; sld_hub.vhd                                                        ; yes             ; Encrypted Megafunction                       ; c:/intelfpga/16.1/quartus/libraries/megafunctions/sld_hub.vhd                                                                 ; altera_sld  ;
; db/ip/sld51b63651/alt_sld_fab.v                                    ; yes             ; Encrypted Auto-Found Verilog HDL File        ; C:/Users/Ruoya/Documents/GitHub/VHDL-Learning/MUSIC-BUZZER/db/ip/sld51b63651/alt_sld_fab.v                                    ; alt_sld_fab ;
; db/ip/sld51b63651/submodules/alt_sld_fab_alt_sld_fab.v             ; yes             ; Encrypted Auto-Found Verilog HDL File        ; C:/Users/Ruoya/Documents/GitHub/VHDL-Learning/MUSIC-BUZZER/db/ip/sld51b63651/submodules/alt_sld_fab_alt_sld_fab.v             ; alt_sld_fab ;
; db/ip/sld51b63651/submodules/alt_sld_fab_alt_sld_fab_ident.sv      ; yes             ; Auto-Found SystemVerilog HDL File            ; C:/Users/Ruoya/Documents/GitHub/VHDL-Learning/MUSIC-BUZZER/db/ip/sld51b63651/submodules/alt_sld_fab_alt_sld_fab_ident.sv      ; alt_sld_fab ;
; db/ip/sld51b63651/submodules/alt_sld_fab_alt_sld_fab_presplit.sv   ; yes             ; Encrypted Auto-Found SystemVerilog HDL File  ; C:/Users/Ruoya/Documents/GitHub/VHDL-Learning/MUSIC-BUZZER/db/ip/sld51b63651/submodules/alt_sld_fab_alt_sld_fab_presplit.sv   ; alt_sld_fab ;
; db/ip/sld51b63651/submodules/alt_sld_fab_alt_sld_fab_sldfabric.vhd ; yes             ; Encrypted Auto-Found VHDL File               ; C:/Users/Ruoya/Documents/GitHub/VHDL-Learning/MUSIC-BUZZER/db/ip/sld51b63651/submodules/alt_sld_fab_alt_sld_fab_sldfabric.vhd ; alt_sld_fab ;
; db/ip/sld51b63651/submodules/alt_sld_fab_alt_sld_fab_splitter.sv   ; yes             ; Encrypted Auto-Found SystemVerilog HDL File  ; C:/Users/Ruoya/Documents/GitHub/VHDL-Learning/MUSIC-BUZZER/db/ip/sld51b63651/submodules/alt_sld_fab_alt_sld_fab_splitter.sv   ; alt_sld_fab ;
; sld_jtag_hub.vhd                                                   ; yes             ; Encrypted Megafunction                       ; c:/intelfpga/16.1/quartus/libraries/megafunctions/sld_jtag_hub.vhd                                                            ;             ;
+--------------------------------------------------------------------+-----------------+----------------------------------------------+-------------------------------------------------------------------------------------------------------------------------------+-------------+


+---------------------------------------------------------------+
; Analysis & Synthesis Resource Usage Summary                   ;
+---------------------------------------------+-----------------+
; Resource                                    ; Usage           ;
+---------------------------------------------+-----------------+
; Estimated Total logic elements              ; 1,133           ;
;                                             ;                 ;
; Total combinational functions               ; 1101            ;
; Logic element usage by number of LUT inputs ;                 ;
;     -- 4 input functions                    ; 411             ;
;     -- 3 input functions                    ; 120             ;
;     -- <=2 input functions                  ; 570             ;
;                                             ;                 ;
; Logic elements by mode                      ;                 ;
;     -- normal mode                          ; 717             ;
;     -- arithmetic mode                      ; 384             ;
;                                             ;                 ;
; Total registers                             ; 525             ;
;     -- Dedicated logic registers            ; 525             ;
;     -- I/O registers                        ; 0               ;
;                                             ;                 ;
; I/O pins                                    ; 2               ;
; Total memory bits                           ; 18432           ;
;                                             ;                 ;
; Embedded Multiplier 9-bit elements          ; 0               ;
;                                             ;                 ;
; Maximum fan-out node                        ; CLK_50MHZ~input ;
; Maximum fan-out                             ; 384             ;
; Total fan-out                               ; 4632            ;
; Average fan-out                             ; 2.81            ;
+---------------------------------------------+-----------------+


+----------------------------------------------------------------------------------------------------------------------------------------------------------------------------------------------------------------------------------------------------------------------------------------------------------------------------------------------------------------------------------------------------------------------------------------------------------------------------------------------------------------------------------------------------------------------------------------------------------------------------------------------------------------------------------+
; Analysis & Synthesis Resource Utilization by Entity                                                                                                                                                                                                                                                                                                                                                                                                                                                                                                                                                                                                                              ;
+-----------------------------------------------------------------------------------------------------------------------------------------+---------------------+---------------------------+-------------+--------------+---------+-----------+------+--------------+----------------------------------------------------------------------------------------------------------------------------------------------------------------------------------------------------------------------------------------------------------------------------------------------------------------------------------------------------------+-----------------------------------+--------------+
; Compilation Hierarchy Node                                                                                                              ; Combinational ALUTs ; Dedicated Logic Registers ; Memory Bits ; DSP Elements ; DSP 9x9 ; DSP 18x18 ; Pins ; Virtual Pins ; Full Hierarchy Name                                                                                                                                                                                                                                                                                                                                      ; Entity Name                       ; Library Name ;
+-----------------------------------------------------------------------------------------------------------------------------------------+---------------------+---------------------------+-------------+--------------+---------+-----------+------+--------------+----------------------------------------------------------------------------------------------------------------------------------------------------------------------------------------------------------------------------------------------------------------------------------------------------------------------------------------------------------+-----------------------------------+--------------+
; |MUSIC_BUZZER                                                                                                                           ; 1101 (911)          ; 525 (396)                 ; 18432       ; 0            ; 0       ; 0         ; 2    ; 0            ; |MUSIC_BUZZER                                                                                                                                                                                                                                                                                                                                            ; MUSIC_BUZZER                      ; work         ;
;    |MUSIC_DATA_ROM:ROM|                                                                                                                 ; 68 (0)              ; 42 (0)                    ; 18432       ; 0            ; 0       ; 0         ; 0    ; 0            ; |MUSIC_BUZZER|MUSIC_DATA_ROM:ROM                                                                                                                                                                                                                                                                                                                         ; MUSIC_DATA_ROM                    ; work         ;
;       |altsyncram:altsyncram_component|                                                                                                 ; 68 (0)              ; 42 (0)                    ; 18432       ; 0            ; 0       ; 0         ; 0    ; 0            ; |MUSIC_BUZZER|MUSIC_DATA_ROM:ROM|altsyncram:altsyncram_component                                                                                                                                                                                                                                                                                         ; altsyncram                        ; work         ;
;          |altsyncram_6cu3:auto_generated|                                                                                               ; 68 (0)              ; 42 (0)                    ; 18432       ; 0            ; 0       ; 0         ; 0    ; 0            ; |MUSIC_BUZZER|MUSIC_DATA_ROM:ROM|altsyncram:altsyncram_component|altsyncram_6cu3:auto_generated                                                                                                                                                                                                                                                          ; altsyncram_6cu3                   ; work         ;
;             |altsyncram_9uu2:altsyncram1|                                                                                               ; 0 (0)               ; 0 (0)                     ; 18432       ; 0            ; 0       ; 0         ; 0    ; 0            ; |MUSIC_BUZZER|MUSIC_DATA_ROM:ROM|altsyncram:altsyncram_component|altsyncram_6cu3:auto_generated|altsyncram_9uu2:altsyncram1                                                                                                                                                                                                                              ; altsyncram_9uu2                   ; work         ;
;             |sld_mod_ram_rom:mgl_prim2|                                                                                                 ; 68 (43)             ; 42 (33)                   ; 0           ; 0            ; 0       ; 0         ; 0    ; 0            ; |MUSIC_BUZZER|MUSIC_DATA_ROM:ROM|altsyncram:altsyncram_component|altsyncram_6cu3:auto_generated|sld_mod_ram_rom:mgl_prim2                                                                                                                                                                                                                                ; sld_mod_ram_rom                   ; work         ;
;                |sld_rom_sr:\ram_rom_logic_gen:name_gen:info_rom_sr|                                                                     ; 25 (25)             ; 9 (9)                     ; 0           ; 0            ; 0       ; 0         ; 0    ; 0            ; |MUSIC_BUZZER|MUSIC_DATA_ROM:ROM|altsyncram:altsyncram_component|altsyncram_6cu3:auto_generated|sld_mod_ram_rom:mgl_prim2|sld_rom_sr:\ram_rom_logic_gen:name_gen:info_rom_sr                                                                                                                                                                             ; sld_rom_sr                        ; work         ;
;    |sld_hub:auto_hub|                                                                                                                   ; 122 (1)             ; 87 (0)                    ; 0           ; 0            ; 0       ; 0         ; 0    ; 0            ; |MUSIC_BUZZER|sld_hub:auto_hub                                                                                                                                                                                                                                                                                                                           ; sld_hub                           ; altera_sld   ;
;       |alt_sld_fab_with_jtag_input:\instrumentation_fabric_with_node_gen:fabric_gen_new_way:with_jtag_input_gen:instrumentation_fabric| ; 121 (0)             ; 87 (0)                    ; 0           ; 0            ; 0       ; 0         ; 0    ; 0            ; |MUSIC_BUZZER|sld_hub:auto_hub|alt_sld_fab_with_jtag_input:\instrumentation_fabric_with_node_gen:fabric_gen_new_way:with_jtag_input_gen:instrumentation_fabric                                                                                                                                                                                           ; alt_sld_fab_with_jtag_input       ; altera_sld   ;
;          |alt_sld_fab:instrumentation_fabric|                                                                                           ; 121 (0)             ; 87 (0)                    ; 0           ; 0            ; 0       ; 0         ; 0    ; 0            ; |MUSIC_BUZZER|sld_hub:auto_hub|alt_sld_fab_with_jtag_input:\instrumentation_fabric_with_node_gen:fabric_gen_new_way:with_jtag_input_gen:instrumentation_fabric|alt_sld_fab:instrumentation_fabric                                                                                                                                                        ; alt_sld_fab                       ; alt_sld_fab  ;
;             |alt_sld_fab_alt_sld_fab:alt_sld_fab|                                                                                       ; 121 (1)             ; 87 (5)                    ; 0           ; 0            ; 0       ; 0         ; 0    ; 0            ; |MUSIC_BUZZER|sld_hub:auto_hub|alt_sld_fab_with_jtag_input:\instrumentation_fabric_with_node_gen:fabric_gen_new_way:with_jtag_input_gen:instrumentation_fabric|alt_sld_fab:instrumentation_fabric|alt_sld_fab_alt_sld_fab:alt_sld_fab                                                                                                                    ; alt_sld_fab_alt_sld_fab           ; alt_sld_fab  ;
;                |alt_sld_fab_alt_sld_fab_sldfabric:sldfabric|                                                                            ; 120 (0)             ; 82 (0)                    ; 0           ; 0            ; 0       ; 0         ; 0    ; 0            ; |MUSIC_BUZZER|sld_hub:auto_hub|alt_sld_fab_with_jtag_input:\instrumentation_fabric_with_node_gen:fabric_gen_new_way:with_jtag_input_gen:instrumentation_fabric|alt_sld_fab:instrumentation_fabric|alt_sld_fab_alt_sld_fab:alt_sld_fab|alt_sld_fab_alt_sld_fab_sldfabric:sldfabric                                                                        ; alt_sld_fab_alt_sld_fab_sldfabric ; alt_sld_fab  ;
;                   |sld_jtag_hub:\jtag_hub_gen:real_sld_jtag_hub|                                                                        ; 120 (84)            ; 82 (54)                   ; 0           ; 0            ; 0       ; 0         ; 0    ; 0            ; |MUSIC_BUZZER|sld_hub:auto_hub|alt_sld_fab_with_jtag_input:\instrumentation_fabric_with_node_gen:fabric_gen_new_way:with_jtag_input_gen:instrumentation_fabric|alt_sld_fab:instrumentation_fabric|alt_sld_fab_alt_sld_fab:alt_sld_fab|alt_sld_fab_alt_sld_fab_sldfabric:sldfabric|sld_jtag_hub:\jtag_hub_gen:real_sld_jtag_hub                           ; sld_jtag_hub                      ; work         ;
;                      |sld_rom_sr:hub_info_reg|                                                                                          ; 18 (18)             ; 9 (9)                     ; 0           ; 0            ; 0       ; 0         ; 0    ; 0            ; |MUSIC_BUZZER|sld_hub:auto_hub|alt_sld_fab_with_jtag_input:\instrumentation_fabric_with_node_gen:fabric_gen_new_way:with_jtag_input_gen:instrumentation_fabric|alt_sld_fab:instrumentation_fabric|alt_sld_fab_alt_sld_fab:alt_sld_fab|alt_sld_fab_alt_sld_fab_sldfabric:sldfabric|sld_jtag_hub:\jtag_hub_gen:real_sld_jtag_hub|sld_rom_sr:hub_info_reg   ; sld_rom_sr                        ; work         ;
;                      |sld_shadow_jsm:shadow_jsm|                                                                                        ; 18 (18)             ; 19 (19)                   ; 0           ; 0            ; 0       ; 0         ; 0    ; 0            ; |MUSIC_BUZZER|sld_hub:auto_hub|alt_sld_fab_with_jtag_input:\instrumentation_fabric_with_node_gen:fabric_gen_new_way:with_jtag_input_gen:instrumentation_fabric|alt_sld_fab:instrumentation_fabric|alt_sld_fab_alt_sld_fab:alt_sld_fab|alt_sld_fab_alt_sld_fab_sldfabric:sldfabric|sld_jtag_hub:\jtag_hub_gen:real_sld_jtag_hub|sld_shadow_jsm:shadow_jsm ; sld_shadow_jsm                    ; altera_sld   ;
+-----------------------------------------------------------------------------------------------------------------------------------------+---------------------+---------------------------+-------------+--------------+---------+-----------+------+--------------+----------------------------------------------------------------------------------------------------------------------------------------------------------------------------------------------------------------------------------------------------------------------------------------------------------------------------------------------------------+-----------------------------------+--------------+
Note: For table entries with two numbers listed, the numbers in parentheses indicate the number of resources of the given type used by the specific entity alone. The numbers listed outside of parentheses indicate the total resources of the given type used by the specific entity and all of its sub-entities in the hierarchy.


+---------------------------------------------------------------------------------------------------------------------------------------------------------------------------------------------------------------------------------------+
; Analysis & Synthesis RAM Summary                                                                                                                                                                                                      ;
+--------------------------------------------------------------------------------------------------------------------------+------+----------------+--------------+--------------+--------------+--------------+-------+----------------+
; Name                                                                                                                     ; Type ; Mode           ; Port A Depth ; Port A Width ; Port B Depth ; Port B Width ; Size  ; MIF            ;
+--------------------------------------------------------------------------------------------------------------------------+------+----------------+--------------+--------------+--------------+--------------+-------+----------------+
; MUSIC_DATA_ROM:ROM|altsyncram:altsyncram_component|altsyncram_6cu3:auto_generated|altsyncram_9uu2:altsyncram1|ALTSYNCRAM ; AUTO ; True Dual Port ; 2048         ; 9            ; 2048         ; 9            ; 18432 ; MUSIC_DATA.mif ;
+--------------------------------------------------------------------------------------------------------------------------+------+----------------+--------------+--------------+--------------+--------------+-------+----------------+


+------------------------------------------------------------------------------------------------------------------------------------------------------------------------------------------------------------------------------------------------------------------------------------------------------------------------------------------------------------------------+
; Analysis & Synthesis IP Cores Summary                                                                                                                                                                                                                                                                                                                                  ;
+--------+--------------+---------+--------------+--------------+-----------------------------------------------------------------------------------------------------------------------------------------------------------------------------------------------------------------------------------------------------------------------------------+--------------------+
; Vendor ; IP Core Name ; Version ; Release Date ; License Type ; Entity Instance                                                                                                                                                                                                                                                                   ; IP Include File    ;
+--------+--------------+---------+--------------+--------------+-----------------------------------------------------------------------------------------------------------------------------------------------------------------------------------------------------------------------------------------------------------------------------------+--------------------+
; Altera ; Signal Tap   ; N/A     ; N/A          ; Licensed     ; |MUSIC_BUZZER|sld_hub:auto_hub|alt_sld_fab_with_jtag_input:\instrumentation_fabric_with_node_gen:fabric_gen_new_way:with_jtag_input_gen:instrumentation_fabric|alt_sld_fab:instrumentation_fabric                                                                                 ;                    ;
; Altera ; Signal Tap   ; N/A     ; N/A          ; Licensed     ; |MUSIC_BUZZER|sld_hub:auto_hub|alt_sld_fab_with_jtag_input:\instrumentation_fabric_with_node_gen:fabric_gen_new_way:with_jtag_input_gen:instrumentation_fabric|alt_sld_fab:instrumentation_fabric|alt_sld_fab_alt_sld_fab:alt_sld_fab                                             ;                    ;
; Altera ; Signal Tap   ; N/A     ; N/A          ; Licensed     ; |MUSIC_BUZZER|sld_hub:auto_hub|alt_sld_fab_with_jtag_input:\instrumentation_fabric_with_node_gen:fabric_gen_new_way:with_jtag_input_gen:instrumentation_fabric|alt_sld_fab:instrumentation_fabric|alt_sld_fab_alt_sld_fab:alt_sld_fab|alt_sld_fab_alt_sld_fab_presplit:presplit   ;                    ;
; Altera ; Signal Tap   ; N/A     ; N/A          ; Licensed     ; |MUSIC_BUZZER|sld_hub:auto_hub|alt_sld_fab_with_jtag_input:\instrumentation_fabric_with_node_gen:fabric_gen_new_way:with_jtag_input_gen:instrumentation_fabric|alt_sld_fab:instrumentation_fabric|alt_sld_fab_alt_sld_fab:alt_sld_fab|alt_sld_fab_alt_sld_fab_sldfabric:sldfabric ;                    ;
; Altera ; Signal Tap   ; N/A     ; N/A          ; Licensed     ; |MUSIC_BUZZER|sld_hub:auto_hub|alt_sld_fab_with_jtag_input:\instrumentation_fabric_with_node_gen:fabric_gen_new_way:with_jtag_input_gen:instrumentation_fabric|alt_sld_fab:instrumentation_fabric|alt_sld_fab_alt_sld_fab:alt_sld_fab|alt_sld_fab_alt_sld_fab_splitter:splitter   ;                    ;
; Altera ; ROM: 1-PORT  ; 16.1    ; N/A          ; N/A          ; |MUSIC_BUZZER|MUSIC_DATA_ROM:ROM                                                                                                                                                                                                                                                  ; MUSIC_DATA_ROM.vhd ;
+--------+--------------+---------+--------------+--------------+-----------------------------------------------------------------------------------------------------------------------------------------------------------------------------------------------------------------------------------------------------------------------------------+--------------------+


+---------------------------------------------------------------------+
; Registers Removed During Synthesis                                  ;
+----------------------------------------+----------------------------+
; Register name                          ; Reason for Removal         ;
+----------------------------------------+----------------------------+
; CNT_ALTO_MI[0]                         ; Merged with CNT_BASS_RE[0] ;
; CNT_TREBLE_MI[0]                       ; Merged with CNT_BASS_RE[0] ;
; CNT_TREBLE_FA[0]                       ; Merged with CNT_BASS_RE[0] ;
; CNT_ALTO_DO[0]                         ; Merged with CNT_BASS_RE[0] ;
; CNT_BASS_LA[0]                         ; Merged with CNT_BASS_RE[0] ;
; CNT_BASS_TI[0]                         ; Merged with CNT_BASS_RE[0] ;
; CNT_BASS_FA[0]                         ; Merged with CNT_BASS_RE[0] ;
; CNT_ALTO_RE[0]                         ; Merged with CNT_BASS_RE[0] ;
; CNT_ALTO_LA[0]                         ; Merged with CNT_BASS_RE[0] ;
; CNT_BASS_LA[1]                         ; Merged with CNT_BASS_RE[1] ;
; CNT_TREBLE_MI[1]                       ; Merged with CNT_ALTO_MI[1] ;
; CNT_ALTO_MI[1]                         ; Merged with CNT_BASS_RE[1] ;
; CNT_TREBLE_MI[2]                       ; Merged with CNT_ALTO_MI[2] ;
; CNT_TREBLE_MI[3]                       ; Merged with CNT_ALTO_MI[3] ;
; Total Number of Removed Registers = 14 ;                            ;
+----------------------------------------+----------------------------+


+------------------------------------------------------+
; General Register Statistics                          ;
+----------------------------------------------+-------+
; Statistic                                    ; Value ;
+----------------------------------------------+-------+
; Total registers                              ; 525   ;
; Number of registers using Synchronous Clear  ; 38    ;
; Number of registers using Synchronous Load   ; 21    ;
; Number of registers using Asynchronous Clear ; 58    ;
; Number of registers using Asynchronous Load  ; 0     ;
; Number of registers using Clock Enable       ; 107   ;
; Number of registers using Preset             ; 0     ;
+----------------------------------------------+-------+


+-------------------------------------------------------------------------------------------------------------------------------------------------------------------------------------------------------------------------------------------------------------------------------------------------------------------------------------------+
; Inverted Register Statistics                                                                                                                                                                                                                                                                                                              ;
+---------------------------------------------------------------------------------------------------------------------------------------------------------------------------------------------------------------------------------------------------------------------------------------------------------------------------------+---------+
; Inverted Register                                                                                                                                                                                                                                                                                                               ; Fan out ;
+---------------------------------------------------------------------------------------------------------------------------------------------------------------------------------------------------------------------------------------------------------------------------------------------------------------------------------+---------+
; sld_hub:auto_hub|alt_sld_fab_with_jtag_input:\instrumentation_fabric_with_node_gen:fabric_gen_new_way:with_jtag_input_gen:instrumentation_fabric|alt_sld_fab:instrumentation_fabric|alt_sld_fab_alt_sld_fab:alt_sld_fab|alt_sld_fab_alt_sld_fab_sldfabric:sldfabric|sld_jtag_hub:\jtag_hub_gen:real_sld_jtag_hub|jtag_ir_reg[2] ; 2       ;
; sld_hub:auto_hub|alt_sld_fab_with_jtag_input:\instrumentation_fabric_with_node_gen:fabric_gen_new_way:with_jtag_input_gen:instrumentation_fabric|alt_sld_fab:instrumentation_fabric|alt_sld_fab_alt_sld_fab:alt_sld_fab|alt_sld_fab_alt_sld_fab_sldfabric:sldfabric|sld_jtag_hub:\jtag_hub_gen:real_sld_jtag_hub|jtag_ir_reg[1] ; 3       ;
; Total number of inverted registers = 2                                                                                                                                                                                                                                                                                          ;         ;
+---------------------------------------------------------------------------------------------------------------------------------------------------------------------------------------------------------------------------------------------------------------------------------------------------------------------------------+---------+


+--------------------------------------------------------------------------------------------------------------------------------------------------------------------------------------------------------------------------------------------------------------------------------------------------------------------------------------------------------------------------------------------------------------------------------------------------------------------------------------+
; Multiplexer Restructuring Statistics (Restructuring Performed)                                                                                                                                                                                                                                                                                                                                                                                                                       ;
+--------------------+-----------+---------------+----------------------+------------------------+------------+------------------------------------------------------------------------------------------------------------------------------------------------------------------------------------------------------------------------------------------------------------------------------------------------------------------------------------------------------------------------+
; Multiplexer Inputs ; Bus Width ; Baseline Area ; Area if Restructured ; Saving if Restructured ; Registered ; Example Multiplexer Output                                                                                                                                                                                                                                                                                                                                             ;
+--------------------+-----------+---------------+----------------------+------------------------+------------+------------------------------------------------------------------------------------------------------------------------------------------------------------------------------------------------------------------------------------------------------------------------------------------------------------------------------------------------------------------------+
; 3:1                ; 4 bits    ; 8 LEs         ; 4 LEs                ; 4 LEs                  ; Yes        ; |MUSIC_BUZZER|MUSIC_DATA_ROM:ROM|altsyncram:altsyncram_component|altsyncram_6cu3:auto_generated|sld_mod_ram_rom:mgl_prim2|ram_rom_data_shift_cntr_reg[0]                                                                                                                                                                                                               ;
; 3:1                ; 9 bits    ; 18 LEs        ; 9 LEs                ; 9 LEs                  ; Yes        ; |MUSIC_BUZZER|MUSIC_DATA_ROM:ROM|altsyncram:altsyncram_component|altsyncram_6cu3:auto_generated|sld_mod_ram_rom:mgl_prim2|ram_rom_data_reg[8]                                                                                                                                                                                                                          ;
; 3:1                ; 11 bits   ; 22 LEs        ; 11 LEs               ; 11 LEs                 ; Yes        ; |MUSIC_BUZZER|MUSIC_DATA_ROM:ROM|altsyncram:altsyncram_component|altsyncram_6cu3:auto_generated|sld_mod_ram_rom:mgl_prim2|ram_rom_addr_reg[7]                                                                                                                                                                                                                          ;
; 4:1                ; 11 bits   ; 22 LEs        ; 11 LEs               ; 11 LEs                 ; Yes        ; |MUSIC_BUZZER|ROM_ADDRESS[6]                                                                                                                                                                                                                                                                                                                                           ;
; 4:1                ; 5 bits    ; 10 LEs        ; 5 LEs                ; 5 LEs                  ; Yes        ; |MUSIC_BUZZER|MUSIC_DATA_ROM:ROM|altsyncram:altsyncram_component|altsyncram_6cu3:auto_generated|sld_mod_ram_rom:mgl_prim2|sld_rom_sr:\ram_rom_logic_gen:name_gen:info_rom_sr|word_counter[0]                                                                                                                                                                           ;
; 5:1                ; 10 bits   ; 30 LEs        ; 10 LEs               ; 20 LEs                 ; Yes        ; |MUSIC_BUZZER|CNT_BEAT[3]                                                                                                                                                                                                                                                                                                                                              ;
; 26:1               ; 4 bits    ; 68 LEs        ; 48 LEs               ; 20 LEs                 ; Yes        ; |MUSIC_BUZZER|MUSIC_DATA_ROM:ROM|altsyncram:altsyncram_component|altsyncram_6cu3:auto_generated|sld_mod_ram_rom:mgl_prim2|sld_rom_sr:\ram_rom_logic_gen:name_gen:info_rom_sr|WORD_SR[0]                                                                                                                                                                                ;
; 3:1                ; 7 bits    ; 14 LEs        ; 7 LEs                ; 7 LEs                  ; Yes        ; |MUSIC_BUZZER|sld_hub:auto_hub|alt_sld_fab_with_jtag_input:\instrumentation_fabric_with_node_gen:fabric_gen_new_way:with_jtag_input_gen:instrumentation_fabric|alt_sld_fab:instrumentation_fabric|alt_sld_fab_alt_sld_fab:alt_sld_fab|alt_sld_fab_alt_sld_fab_sldfabric:sldfabric|sld_jtag_hub:\jtag_hub_gen:real_sld_jtag_hub|irsr_reg[2]                             ;
; 3:1                ; 4 bits    ; 8 LEs         ; 4 LEs                ; 4 LEs                  ; Yes        ; |MUSIC_BUZZER|sld_hub:auto_hub|alt_sld_fab_with_jtag_input:\instrumentation_fabric_with_node_gen:fabric_gen_new_way:with_jtag_input_gen:instrumentation_fabric|alt_sld_fab:instrumentation_fabric|alt_sld_fab_alt_sld_fab:alt_sld_fab|alt_sld_fab_alt_sld_fab_sldfabric:sldfabric|sld_jtag_hub:\jtag_hub_gen:real_sld_jtag_hub|hub_minor_ver_reg[0]                    ;
; 4:1                ; 5 bits    ; 10 LEs        ; 5 LEs                ; 5 LEs                  ; Yes        ; |MUSIC_BUZZER|sld_hub:auto_hub|alt_sld_fab_with_jtag_input:\instrumentation_fabric_with_node_gen:fabric_gen_new_way:with_jtag_input_gen:instrumentation_fabric|alt_sld_fab:instrumentation_fabric|alt_sld_fab_alt_sld_fab:alt_sld_fab|alt_sld_fab_alt_sld_fab_sldfabric:sldfabric|sld_jtag_hub:\jtag_hub_gen:real_sld_jtag_hub|sld_rom_sr:hub_info_reg|word_counter[1] ;
; 4:1                ; 5 bits    ; 10 LEs        ; 5 LEs                ; 5 LEs                  ; Yes        ; |MUSIC_BUZZER|sld_hub:auto_hub|alt_sld_fab_with_jtag_input:\instrumentation_fabric_with_node_gen:fabric_gen_new_way:with_jtag_input_gen:instrumentation_fabric|alt_sld_fab:instrumentation_fabric|alt_sld_fab_alt_sld_fab:alt_sld_fab|alt_sld_fab_alt_sld_fab_sldfabric:sldfabric|sld_jtag_hub:\jtag_hub_gen:real_sld_jtag_hub|mixer_addr_reg_internal[4]              ;
; 34:1               ; 4 bits    ; 88 LEs        ; 64 LEs               ; 24 LEs                 ; Yes        ; |MUSIC_BUZZER|sld_hub:auto_hub|alt_sld_fab_with_jtag_input:\instrumentation_fabric_with_node_gen:fabric_gen_new_way:with_jtag_input_gen:instrumentation_fabric|alt_sld_fab:instrumentation_fabric|alt_sld_fab_alt_sld_fab:alt_sld_fab|alt_sld_fab_alt_sld_fab_sldfabric:sldfabric|sld_jtag_hub:\jtag_hub_gen:real_sld_jtag_hub|design_hash_reg[0]                      ;
; 20:1               ; 4 bits    ; 52 LEs        ; 32 LEs               ; 20 LEs                 ; Yes        ; |MUSIC_BUZZER|sld_hub:auto_hub|alt_sld_fab_with_jtag_input:\instrumentation_fabric_with_node_gen:fabric_gen_new_way:with_jtag_input_gen:instrumentation_fabric|alt_sld_fab:instrumentation_fabric|alt_sld_fab_alt_sld_fab:alt_sld_fab|alt_sld_fab_alt_sld_fab_sldfabric:sldfabric|sld_jtag_hub:\jtag_hub_gen:real_sld_jtag_hub|sld_rom_sr:hub_info_reg|WORD_SR[0]      ;
+--------------------+-----------+---------------+----------------------+------------------------+------------+------------------------------------------------------------------------------------------------------------------------------------------------------------------------------------------------------------------------------------------------------------------------------------------------------------------------------------------------------------------------+


+--------------------------------------------------------------------------------------------------------------------------------------+
; Source assignments for MUSIC_DATA_ROM:ROM|altsyncram:altsyncram_component|altsyncram_6cu3:auto_generated|altsyncram_9uu2:altsyncram1 ;
+---------------------------------+--------------------+------+------------------------------------------------------------------------+
; Assignment                      ; Value              ; From ; To                                                                     ;
+---------------------------------+--------------------+------+------------------------------------------------------------------------+
; OPTIMIZE_POWER_DURING_SYNTHESIS ; NORMAL_COMPILATION ; -    ; -                                                                      ;
+---------------------------------+--------------------+------+------------------------------------------------------------------------+


+-------------------------------------------------------------------------------------------------+
; Parameter Settings for User Entity Instance: MUSIC_DATA_ROM:ROM|altsyncram:altsyncram_component ;
+------------------------------------+----------------------+-------------------------------------+
; Parameter Name                     ; Value                ; Type                                ;
+------------------------------------+----------------------+-------------------------------------+
; BYTE_SIZE_BLOCK                    ; 8                    ; Untyped                             ;
; AUTO_CARRY_CHAINS                  ; ON                   ; AUTO_CARRY                          ;
; IGNORE_CARRY_BUFFERS               ; OFF                  ; IGNORE_CARRY                        ;
; AUTO_CASCADE_CHAINS                ; ON                   ; AUTO_CASCADE                        ;
; IGNORE_CASCADE_BUFFERS             ; OFF                  ; IGNORE_CASCADE                      ;
; WIDTH_BYTEENA                      ; 1                    ; Untyped                             ;
; OPERATION_MODE                     ; ROM                  ; Untyped                             ;
; WIDTH_A                            ; 9                    ; Signed Integer                      ;
; WIDTHAD_A                          ; 11                   ; Signed Integer                      ;
; NUMWORDS_A                         ; 2048                 ; Signed Integer                      ;
; OUTDATA_REG_A                      ; UNREGISTERED         ; Untyped                             ;
; ADDRESS_ACLR_A                     ; NONE                 ; Untyped                             ;
; OUTDATA_ACLR_A                     ; NONE                 ; Untyped                             ;
; WRCONTROL_ACLR_A                   ; NONE                 ; Untyped                             ;
; INDATA_ACLR_A                      ; NONE                 ; Untyped                             ;
; BYTEENA_ACLR_A                     ; NONE                 ; Untyped                             ;
; WIDTH_B                            ; 1                    ; Signed Integer                      ;
; WIDTHAD_B                          ; 1                    ; Signed Integer                      ;
; NUMWORDS_B                         ; 0                    ; Signed Integer                      ;
; INDATA_REG_B                       ; CLOCK1               ; Untyped                             ;
; WRCONTROL_WRADDRESS_REG_B          ; CLOCK1               ; Untyped                             ;
; RDCONTROL_REG_B                    ; CLOCK1               ; Untyped                             ;
; ADDRESS_REG_B                      ; CLOCK1               ; Untyped                             ;
; OUTDATA_REG_B                      ; UNREGISTERED         ; Untyped                             ;
; BYTEENA_REG_B                      ; CLOCK1               ; Untyped                             ;
; INDATA_ACLR_B                      ; NONE                 ; Untyped                             ;
; WRCONTROL_ACLR_B                   ; NONE                 ; Untyped                             ;
; ADDRESS_ACLR_B                     ; NONE                 ; Untyped                             ;
; OUTDATA_ACLR_B                     ; NONE                 ; Untyped                             ;
; RDCONTROL_ACLR_B                   ; NONE                 ; Untyped                             ;
; BYTEENA_ACLR_B                     ; NONE                 ; Untyped                             ;
; WIDTH_BYTEENA_A                    ; 1                    ; Signed Integer                      ;
; WIDTH_BYTEENA_B                    ; 1                    ; Signed Integer                      ;
; RAM_BLOCK_TYPE                     ; AUTO                 ; Untyped                             ;
; BYTE_SIZE                          ; 8                    ; Signed Integer                      ;
; READ_DURING_WRITE_MODE_MIXED_PORTS ; DONT_CARE            ; Untyped                             ;
; READ_DURING_WRITE_MODE_PORT_A      ; NEW_DATA_NO_NBE_READ ; Untyped                             ;
; READ_DURING_WRITE_MODE_PORT_B      ; NEW_DATA_NO_NBE_READ ; Untyped                             ;
; INIT_FILE                          ; MUSIC_DATA.mif       ; Untyped                             ;
; INIT_FILE_LAYOUT                   ; PORT_A               ; Untyped                             ;
; MAXIMUM_DEPTH                      ; 0                    ; Signed Integer                      ;
; CLOCK_ENABLE_INPUT_A               ; BYPASS               ; Untyped                             ;
; CLOCK_ENABLE_INPUT_B               ; NORMAL               ; Untyped                             ;
; CLOCK_ENABLE_OUTPUT_A              ; BYPASS               ; Untyped                             ;
; CLOCK_ENABLE_OUTPUT_B              ; NORMAL               ; Untyped                             ;
; CLOCK_ENABLE_CORE_A                ; USE_INPUT_CLKEN      ; Untyped                             ;
; CLOCK_ENABLE_CORE_B                ; USE_INPUT_CLKEN      ; Untyped                             ;
; ENABLE_ECC                         ; FALSE                ; Untyped                             ;
; ECC_PIPELINE_STAGE_ENABLED         ; FALSE                ; Untyped                             ;
; WIDTH_ECCSTATUS                    ; 3                    ; Signed Integer                      ;
; DEVICE_FAMILY                      ; Cyclone IV E         ; Untyped                             ;
; CBXI_PARAMETER                     ; altsyncram_6cu3      ; Untyped                             ;
+------------------------------------+----------------------+-------------------------------------+
Note: In order to hide this table in the UI and the text report file, please set the "Show Parameter Settings in Synthesis Report" option in "Analysis and Synthesis Settings -> More Settings" to "Off".


+------------------------------------------------------------------------------------------------+
; altsyncram Parameter Settings by Entity Instance                                               ;
+-------------------------------------------+----------------------------------------------------+
; Name                                      ; Value                                              ;
+-------------------------------------------+----------------------------------------------------+
; Number of entity instances                ; 1                                                  ;
; Entity Instance                           ; MUSIC_DATA_ROM:ROM|altsyncram:altsyncram_component ;
;     -- OPERATION_MODE                     ; ROM                                                ;
;     -- WIDTH_A                            ; 9                                                  ;
;     -- NUMWORDS_A                         ; 2048                                               ;
;     -- OUTDATA_REG_A                      ; UNREGISTERED                                       ;
;     -- WIDTH_B                            ; 1                                                  ;
;     -- NUMWORDS_B                         ; 0                                                  ;
;     -- ADDRESS_REG_B                      ; CLOCK1                                             ;
;     -- OUTDATA_REG_B                      ; UNREGISTERED                                       ;
;     -- RAM_BLOCK_TYPE                     ; AUTO                                               ;
;     -- READ_DURING_WRITE_MODE_MIXED_PORTS ; DONT_CARE                                          ;
+-------------------------------------------+----------------------------------------------------+


+-----------------------------------------------------------------------------------------------------------------------------------------------+
; In-System Memory Content Editor Settings                                                                                                      ;
+----------------+-------------+-------+-------+------------+-----------------------------------------------------------------------------------+
; Instance Index ; Instance ID ; Width ; Depth ; Mode       ; Hierarchy Location                                                                ;
+----------------+-------------+-------+-------+------------+-----------------------------------------------------------------------------------+
; 0              ; ROM0        ; 9     ; 2048  ; Read/Write ; MUSIC_DATA_ROM:ROM|altsyncram:altsyncram_component|altsyncram_6cu3:auto_generated ;
+----------------+-------------+-------+-------+------------+-----------------------------------------------------------------------------------+


+-----------------------------------------------------+
; Post-Synthesis Netlist Statistics for Top Partition ;
+-----------------------+-----------------------------+
; Type                  ; Count                       ;
+-----------------------+-----------------------------+
; boundary_port         ; 29                          ;
; cycloneiii_ff         ; 438                         ;
;     CLR               ; 6                           ;
;     ENA               ; 13                          ;
;     ENA CLR           ; 7                           ;
;     ENA CLR SLD       ; 11                          ;
;     ENA SCLR          ; 16                          ;
;     SCLR              ; 10                          ;
;     plain             ; 375                         ;
; cycloneiii_lcell_comb ; 978                         ;
;     arith             ; 376                         ;
;         2 data inputs ; 360                         ;
;         3 data inputs ; 16                          ;
;     normal            ; 602                         ;
;         1 data inputs ; 26                          ;
;         2 data inputs ; 146                         ;
;         3 data inputs ; 73                          ;
;         4 data inputs ; 357                         ;
; cycloneiii_ram_block  ; 9                           ;
;                       ;                             ;
; Max LUT depth         ; 6.30                        ;
; Average LUT depth     ; 3.19                        ;
+-----------------------+-----------------------------+


+------------------------------------------------------------------+
; Post-Synthesis Netlist Statistics for Partition sld_hub:auto_hub ;
+-----------------------+------------------------------------------+
; Type                  ; Count                                    ;
+-----------------------+------------------------------------------+
; boundary_port         ; 103                                      ;
; cycloneiii_ff         ; 87                                       ;
;     CLR               ; 4                                        ;
;     ENA               ; 16                                       ;
;     ENA CLR           ; 29                                       ;
;     ENA CLR SLD       ; 1                                        ;
;     ENA SCLR          ; 5                                        ;
;     ENA SLD           ; 9                                        ;
;     SCLR              ; 7                                        ;
;     plain             ; 16                                       ;
; cycloneiii_lcell_comb ; 122                                      ;
;     arith             ; 8                                        ;
;         2 data inputs ; 8                                        ;
;     normal            ; 114                                      ;
;         0 data inputs ; 1                                        ;
;         1 data inputs ; 6                                        ;
;         2 data inputs ; 22                                       ;
;         3 data inputs ; 31                                       ;
;         4 data inputs ; 54                                       ;
;                       ;                                          ;
; Max LUT depth         ; 4.00                                     ;
; Average LUT depth     ; 1.80                                     ;
+-----------------------+------------------------------------------+


+---------------------------------+
; Elapsed Time Per Partition      ;
+------------------+--------------+
; Partition Name   ; Elapsed Time ;
+------------------+--------------+
; Top              ; 00:00:02     ;
; sld_hub:auto_hub ; 00:00:00     ;
+------------------+--------------+


+-------------------------------+
; Analysis & Synthesis Messages ;
+-------------------------------+
Info: *******************************************************************
Info: Running Quartus Prime Analysis & Synthesis
    Info: Version 16.1.2 Build 203 01/18/2017 SJ Standard Edition
    Info: Processing started: Fri May 12 13:15:47 2017
Info: Command: quartus_map --read_settings_files=on --write_settings_files=off MUSIC-BUZZER -c MUSIC-BUZZER
Warning (18236): Number of processors has not been specified which may cause overloading on shared machines.  Set the global assignment NUM_PARALLEL_PROCESSORS in your QSF to an appropriate value for best performance.
Info (20030): Parallel compilation is enabled and will use 4 of the 4 processors detected
Info (12021): Found 2 design units, including 1 entities, in source file music_buzzer.vhd
    Info (12022): Found design unit 1: MUSIC_BUZZER-BEHAV File: C:/Users/Ruoya/Documents/GitHub/VHDL-Learning/MUSIC-BUZZER/MUSIC_BUZZER.vhd Line: 11
    Info (12023): Found entity 1: MUSIC_BUZZER File: C:/Users/Ruoya/Documents/GitHub/VHDL-Learning/MUSIC-BUZZER/MUSIC_BUZZER.vhd Line: 6
Info (12021): Found 2 design units, including 1 entities, in source file music_data_rom.vhd
    Info (12022): Found design unit 1: music_data_rom-SYN File: C:/Users/Ruoya/Documents/GitHub/VHDL-Learning/MUSIC-BUZZER/MUSIC_DATA_ROM.vhd Line: 53
    Info (12023): Found entity 1: MUSIC_DATA_ROM File: C:/Users/Ruoya/Documents/GitHub/VHDL-Learning/MUSIC-BUZZER/MUSIC_DATA_ROM.vhd Line: 43
Info (12127): Elaborating entity "MUSIC_BUZZER" for the top level hierarchy
Warning (10492): VHDL Process Statement warning at MUSIC_BUZZER.vhd(328): signal "OUTPUT_BASS_DO" is read inside the Process Statement but isn't in the Process Statement's sensitivity list File: C:/Users/Ruoya/Documents/GitHub/VHDL-Learning/MUSIC-BUZZER/MUSIC_BUZZER.vhd Line: 328
Warning (10492): VHDL Process Statement warning at MUSIC_BUZZER.vhd(329): signal "OUTPUT_BASS_RE" is read inside the Process Statement but isn't in the Process Statement's sensitivity list File: C:/Users/Ruoya/Documents/GitHub/VHDL-Learning/MUSIC-BUZZER/MUSIC_BUZZER.vhd Line: 329
Warning (10492): VHDL Process Statement warning at MUSIC_BUZZER.vhd(330): signal "OUTPUT_BASS_MI" is read inside the Process Statement but isn't in the Process Statement's sensitivity list File: C:/Users/Ruoya/Documents/GitHub/VHDL-Learning/MUSIC-BUZZER/MUSIC_BUZZER.vhd Line: 330
Warning (10492): VHDL Process Statement warning at MUSIC_BUZZER.vhd(331): signal "OUTPUT_BASS_FA" is read inside the Process Statement but isn't in the Process Statement's sensitivity list File: C:/Users/Ruoya/Documents/GitHub/VHDL-Learning/MUSIC-BUZZER/MUSIC_BUZZER.vhd Line: 331
Warning (10492): VHDL Process Statement warning at MUSIC_BUZZER.vhd(332): signal "OUTPUT_BASS_SOL" is read inside the Process Statement but isn't in the Process Statement's sensitivity list File: C:/Users/Ruoya/Documents/GitHub/VHDL-Learning/MUSIC-BUZZER/MUSIC_BUZZER.vhd Line: 332
Warning (10492): VHDL Process Statement warning at MUSIC_BUZZER.vhd(333): signal "OUTPUT_BASS_LA" is read inside the Process Statement but isn't in the Process Statement's sensitivity list File: C:/Users/Ruoya/Documents/GitHub/VHDL-Learning/MUSIC-BUZZER/MUSIC_BUZZER.vhd Line: 333
Warning (10492): VHDL Process Statement warning at MUSIC_BUZZER.vhd(334): signal "OUTPUT_BASS_TI" is read inside the Process Statement but isn't in the Process Statement's sensitivity list File: C:/Users/Ruoya/Documents/GitHub/VHDL-Learning/MUSIC-BUZZER/MUSIC_BUZZER.vhd Line: 334
Warning (10492): VHDL Process Statement warning at MUSIC_BUZZER.vhd(335): signal "OUTPUT_ALTO_DO" is read inside the Process Statement but isn't in the Process Statement's sensitivity list File: C:/Users/Ruoya/Documents/GitHub/VHDL-Learning/MUSIC-BUZZER/MUSIC_BUZZER.vhd Line: 335
Warning (10492): VHDL Process Statement warning at MUSIC_BUZZER.vhd(336): signal "OUTPUT_ALTO_RE" is read inside the Process Statement but isn't in the Process Statement's sensitivity list File: C:/Users/Ruoya/Documents/GitHub/VHDL-Learning/MUSIC-BUZZER/MUSIC_BUZZER.vhd Line: 336
Warning (10492): VHDL Process Statement warning at MUSIC_BUZZER.vhd(337): signal "OUTPUT_ALTO_MI" is read inside the Process Statement but isn't in the Process Statement's sensitivity list File: C:/Users/Ruoya/Documents/GitHub/VHDL-Learning/MUSIC-BUZZER/MUSIC_BUZZER.vhd Line: 337
Warning (10492): VHDL Process Statement warning at MUSIC_BUZZER.vhd(338): signal "OUTPUT_ALTO_FA" is read inside the Process Statement but isn't in the Process Statement's sensitivity list File: C:/Users/Ruoya/Documents/GitHub/VHDL-Learning/MUSIC-BUZZER/MUSIC_BUZZER.vhd Line: 338
Warning (10492): VHDL Process Statement warning at MUSIC_BUZZER.vhd(339): signal "OUTPUT_ALTO_SOL" is read inside the Process Statement but isn't in the Process Statement's sensitivity list File: C:/Users/Ruoya/Documents/GitHub/VHDL-Learning/MUSIC-BUZZER/MUSIC_BUZZER.vhd Line: 339
Warning (10492): VHDL Process Statement warning at MUSIC_BUZZER.vhd(340): signal "OUTPUT_ALTO_LA" is read inside the Process Statement but isn't in the Process Statement's sensitivity list File: C:/Users/Ruoya/Documents/GitHub/VHDL-Learning/MUSIC-BUZZER/MUSIC_BUZZER.vhd Line: 340
Warning (10492): VHDL Process Statement warning at MUSIC_BUZZER.vhd(341): signal "OUTPUT_ALTO_TI" is read inside the Process Statement but isn't in the Process Statement's sensitivity list File: C:/Users/Ruoya/Documents/GitHub/VHDL-Learning/MUSIC-BUZZER/MUSIC_BUZZER.vhd Line: 341
Warning (10492): VHDL Process Statement warning at MUSIC_BUZZER.vhd(342): signal "OUTPUT_TREBLE_DO" is read inside the Process Statement but isn't in the Process Statement's sensitivity list File: C:/Users/Ruoya/Documents/GitHub/VHDL-Learning/MUSIC-BUZZER/MUSIC_BUZZER.vhd Line: 342
Warning (10492): VHDL Process Statement warning at MUSIC_BUZZER.vhd(343): signal "OUTPUT_TREBLE_RE" is read inside the Process Statement but isn't in the Process Statement's sensitivity list File: C:/Users/Ruoya/Documents/GitHub/VHDL-Learning/MUSIC-BUZZER/MUSIC_BUZZER.vhd Line: 343
Warning (10492): VHDL Process Statement warning at MUSIC_BUZZER.vhd(344): signal "OUTPUT_TREBLE_MI" is read inside the Process Statement but isn't in the Process Statement's sensitivity list File: C:/Users/Ruoya/Documents/GitHub/VHDL-Learning/MUSIC-BUZZER/MUSIC_BUZZER.vhd Line: 344
Warning (10492): VHDL Process Statement warning at MUSIC_BUZZER.vhd(345): signal "OUTPUT_TREBLE_FA" is read inside the Process Statement but isn't in the Process Statement's sensitivity list File: C:/Users/Ruoya/Documents/GitHub/VHDL-Learning/MUSIC-BUZZER/MUSIC_BUZZER.vhd Line: 345
Warning (10492): VHDL Process Statement warning at MUSIC_BUZZER.vhd(346): signal "OUTPUT_TREBLE_SOL" is read inside the Process Statement but isn't in the Process Statement's sensitivity list File: C:/Users/Ruoya/Documents/GitHub/VHDL-Learning/MUSIC-BUZZER/MUSIC_BUZZER.vhd Line: 346
Warning (10492): VHDL Process Statement warning at MUSIC_BUZZER.vhd(347): signal "OUTPUT_TREBLE_LA" is read inside the Process Statement but isn't in the Process Statement's sensitivity list File: C:/Users/Ruoya/Documents/GitHub/VHDL-Learning/MUSIC-BUZZER/MUSIC_BUZZER.vhd Line: 347
Warning (10492): VHDL Process Statement warning at MUSIC_BUZZER.vhd(348): signal "OUTPUT_TREBLE_TI" is read inside the Process Statement but isn't in the Process Statement's sensitivity list File: C:/Users/Ruoya/Documents/GitHub/VHDL-Learning/MUSIC-BUZZER/MUSIC_BUZZER.vhd Line: 348
Info (12128): Elaborating entity "MUSIC_DATA_ROM" for hierarchy "MUSIC_DATA_ROM:ROM" File: C:/Users/Ruoya/Documents/GitHub/VHDL-Learning/MUSIC-BUZZER/MUSIC_BUZZER.vhd Line: 92
Info (12128): Elaborating entity "altsyncram" for hierarchy "MUSIC_DATA_ROM:ROM|altsyncram:altsyncram_component" File: C:/Users/Ruoya/Documents/GitHub/VHDL-Learning/MUSIC-BUZZER/MUSIC_DATA_ROM.vhd Line: 60
Info (12130): Elaborated megafunction instantiation "MUSIC_DATA_ROM:ROM|altsyncram:altsyncram_component" File: C:/Users/Ruoya/Documents/GitHub/VHDL-Learning/MUSIC-BUZZER/MUSIC_DATA_ROM.vhd Line: 60
Info (12133): Instantiated megafunction "MUSIC_DATA_ROM:ROM|altsyncram:altsyncram_component" with the following parameter: File: C:/Users/Ruoya/Documents/GitHub/VHDL-Learning/MUSIC-BUZZER/MUSIC_DATA_ROM.vhd Line: 60
    Info (12134): Parameter "address_aclr_a" = "NONE"
    Info (12134): Parameter "address_aclr_b" = "NONE"
    Info (12134): Parameter "address_reg_b" = "CLOCK1"
    Info (12134): Parameter "byte_size" = "8"
    Info (12134): Parameter "byteena_aclr_a" = "UNUSED"
    Info (12134): Parameter "byteena_aclr_b" = "NONE"
    Info (12134): Parameter "byteena_reg_b" = "CLOCK1"
    Info (12134): Parameter "clock_enable_core_a" = "USE_INPUT_CLKEN"
    Info (12134): Parameter "clock_enable_core_b" = "USE_INPUT_CLKEN"
    Info (12134): Parameter "clock_enable_input_a" = "BYPASS"
    Info (12134): Parameter "clock_enable_input_b" = "NORMAL"
    Info (12134): Parameter "clock_enable_output_a" = "BYPASS"
    Info (12134): Parameter "clock_enable_output_b" = "NORMAL"
    Info (12134): Parameter "intended_device_family" = "Cyclone IV E"
    Info (12134): Parameter "ecc_pipeline_stage_enabled" = "FALSE"
    Info (12134): Parameter "enable_ecc" = "FALSE"
    Info (12134): Parameter "implement_in_les" = "OFF"
    Info (12134): Parameter "indata_aclr_a" = "UNUSED"
    Info (12134): Parameter "indata_aclr_b" = "NONE"
    Info (12134): Parameter "indata_reg_b" = "CLOCK1"
    Info (12134): Parameter "init_file" = "MUSIC_DATA.mif"
    Info (12134): Parameter "init_file_layout" = "PORT_A"
    Info (12134): Parameter "maximum_depth" = "0"
    Info (12134): Parameter "numwords_a" = "2048"
    Info (12134): Parameter "numwords_b" = "0"
    Info (12134): Parameter "operation_mode" = "ROM"
    Info (12134): Parameter "outdata_aclr_a" = "NONE"
    Info (12134): Parameter "outdata_aclr_b" = "NONE"
    Info (12134): Parameter "outdata_reg_a" = "UNREGISTERED"
    Info (12134): Parameter "outdata_reg_b" = "UNREGISTERED"
    Info (12134): Parameter "power_up_uninitialized" = "FALSE"
    Info (12134): Parameter "ram_block_type" = "AUTO"
    Info (12134): Parameter "rdcontrol_aclr_b" = "NONE"
    Info (12134): Parameter "rdcontrol_reg_b" = "CLOCK1"
    Info (12134): Parameter "read_during_write_mode_mixed_ports" = "DONT_CARE"
    Info (12134): Parameter "read_during_write_mode_port_a" = "NEW_DATA_NO_NBE_READ"
    Info (12134): Parameter "read_during_write_mode_port_b" = "NEW_DATA_NO_NBE_READ"
    Info (12134): Parameter "stratixiv_m144k_allow_dual_clocks" = "ON"
    Info (12134): Parameter "width_a" = "9"
    Info (12134): Parameter "width_b" = "1"
    Info (12134): Parameter "width_byteena_a" = "1"
    Info (12134): Parameter "width_byteena_b" = "1"
    Info (12134): Parameter "width_eccstatus" = "3"
    Info (12134): Parameter "widthad_a" = "11"
    Info (12134): Parameter "widthad_b" = "1"
    Info (12134): Parameter "wrcontrol_aclr_a" = "UNUSED"
    Info (12134): Parameter "wrcontrol_aclr_b" = "NONE"
    Info (12134): Parameter "wrcontrol_wraddress_reg_b" = "CLOCK1"
    Info (12134): Parameter "lpm_hint" = "ENABLE_RUNTIME_MOD=YES,INSTANCE_NAME=ROM0"
    Info (12134): Parameter "lpm_type" = "altsyncram"
Info (12021): Found 1 design units, including 1 entities, in source file db/altsyncram_6cu3.tdf
    Info (12023): Found entity 1: altsyncram_6cu3 File: C:/Users/Ruoya/Documents/GitHub/VHDL-Learning/MUSIC-BUZZER/db/altsyncram_6cu3.tdf Line: 28
Info (12128): Elaborating entity "altsyncram_6cu3" for hierarchy "MUSIC_DATA_ROM:ROM|altsyncram:altsyncram_component|altsyncram_6cu3:auto_generated" File: c:/intelfpga/16.1/quartus/libraries/megafunctions/altsyncram.tdf Line: 792
Info (12021): Found 1 design units, including 1 entities, in source file db/altsyncram_9uu2.tdf
    Info (12023): Found entity 1: altsyncram_9uu2 File: C:/Users/Ruoya/Documents/GitHub/VHDL-Learning/MUSIC-BUZZER/db/altsyncram_9uu2.tdf Line: 28
Info (12128): Elaborating entity "altsyncram_9uu2" for hierarchy "MUSIC_DATA_ROM:ROM|altsyncram:altsyncram_component|altsyncram_6cu3:auto_generated|altsyncram_9uu2:altsyncram1" File: C:/Users/Ruoya/Documents/GitHub/VHDL-Learning/MUSIC-BUZZER/db/altsyncram_6cu3.tdf Line: 35
Info (12128): Elaborating entity "sld_mod_ram_rom" for hierarchy "MUSIC_DATA_ROM:ROM|altsyncram:altsyncram_component|altsyncram_6cu3:auto_generated|sld_mod_ram_rom:mgl_prim2" File: C:/Users/Ruoya/Documents/GitHub/VHDL-Learning/MUSIC-BUZZER/db/altsyncram_6cu3.tdf Line: 36
Info (12130): Elaborated megafunction instantiation "MUSIC_DATA_ROM:ROM|altsyncram:altsyncram_component|altsyncram_6cu3:auto_generated|sld_mod_ram_rom:mgl_prim2" File: C:/Users/Ruoya/Documents/GitHub/VHDL-Learning/MUSIC-BUZZER/db/altsyncram_6cu3.tdf Line: 36
Info (12133): Instantiated megafunction "MUSIC_DATA_ROM:ROM|altsyncram:altsyncram_component|altsyncram_6cu3:auto_generated|sld_mod_ram_rom:mgl_prim2" with the following parameter: File: C:/Users/Ruoya/Documents/GitHub/VHDL-Learning/MUSIC-BUZZER/db/altsyncram_6cu3.tdf Line: 36
    Info (12134): Parameter "CVALUE" = "000000000"
    Info (12134): Parameter "IS_DATA_IN_RAM" = "1"
    Info (12134): Parameter "IS_READABLE" = "1"
    Info (12134): Parameter "NODE_NAME" = "1380928816"
    Info (12134): Parameter "NUMWORDS" = "2048"
    Info (12134): Parameter "SHIFT_COUNT_BITS" = "4"
    Info (12134): Parameter "WIDTH_WORD" = "9"
    Info (12134): Parameter "WIDTHAD" = "11"
Info (12128): Elaborating entity "sld_jtag_endpoint_adapter" for hierarchy "MUSIC_DATA_ROM:ROM|altsyncram:altsyncram_component|altsyncram_6cu3:auto_generated|sld_mod_ram_rom:mgl_prim2|sld_jtag_endpoint_adapter:jtag_signal_adapter" File: c:/intelfpga/16.1/quartus/libraries/megafunctions/sld_mod_ram_rom.vhd Line: 302
Info (12128): Elaborating entity "sld_jtag_endpoint_adapter_impl" for hierarchy "MUSIC_DATA_ROM:ROM|altsyncram:altsyncram_component|altsyncram_6cu3:auto_generated|sld_mod_ram_rom:mgl_prim2|sld_jtag_endpoint_adapter:jtag_signal_adapter|sld_jtag_endpoint_adapter_impl:sld_jtag_endpoint_adapter_impl_inst" File: c:/intelfpga/16.1/quartus/libraries/megafunctions/sld_jtag_endpoint_adapter.vhd Line: 232
Info (12128): Elaborating entity "sld_rom_sr" for hierarchy "MUSIC_DATA_ROM:ROM|altsyncram:altsyncram_component|altsyncram_6cu3:auto_generated|sld_mod_ram_rom:mgl_prim2|sld_rom_sr:\ram_rom_logic_gen:name_gen:info_rom_sr" File: c:/intelfpga/16.1/quartus/libraries/megafunctions/sld_mod_ram_rom.vhd Line: 828
Info (11170): Starting IP generation for the debug fabric: alt_sld_fab.
Info (11172): 2017.05.12.13:16:05 Progress: Loading sld51b63651/alt_sld_fab_wrapper_hw.tcl
Info (11172): Alt_sld_fab.alt_sld_fab: SLD fabric agents which did not specify prefer_host were connected to JTAG
Info (11172): Alt_sld_fab: Generating alt_sld_fab "alt_sld_fab" for QUARTUS_SYNTH
Info (11172): Alt_sld_fab: "alt_sld_fab" instantiated alt_sld_fab "alt_sld_fab"
Info (11172): Presplit: "alt_sld_fab" instantiated altera_super_splitter "presplit"
Info (11172): Splitter: "alt_sld_fab" instantiated altera_sld_splitter "splitter"
Info (11172): Sldfabric: "alt_sld_fab" instantiated altera_sld_jtag_hub "sldfabric"
Info (11172): Ident: "alt_sld_fab" instantiated altera_connection_identification_hub "ident"
Info (11172): Alt_sld_fab: Done "alt_sld_fab" with 6 modules, 6 files
Info (11171): Finished IP generation for the debug fabric: alt_sld_fab.
Info (12021): Found 1 design units, including 1 entities, in source file db/ip/sld51b63651/alt_sld_fab.v
    Info (12023): Found entity 1: alt_sld_fab File: C:/Users/Ruoya/Documents/GitHub/VHDL-Learning/MUSIC-BUZZER/db/ip/sld51b63651/alt_sld_fab.v Line: 9
Info (12021): Found 1 design units, including 1 entities, in source file db/ip/sld51b63651/submodules/alt_sld_fab_alt_sld_fab.v
    Info (12023): Found entity 1: alt_sld_fab_alt_sld_fab File: C:/Users/Ruoya/Documents/GitHub/VHDL-Learning/MUSIC-BUZZER/db/ip/sld51b63651/submodules/alt_sld_fab_alt_sld_fab.v Line: 9
Info (12021): Found 1 design units, including 1 entities, in source file db/ip/sld51b63651/submodules/alt_sld_fab_alt_sld_fab_ident.sv
    Info (12023): Found entity 1: alt_sld_fab_alt_sld_fab_ident File: C:/Users/Ruoya/Documents/GitHub/VHDL-Learning/MUSIC-BUZZER/db/ip/sld51b63651/submodules/alt_sld_fab_alt_sld_fab_ident.sv Line: 33
Info (12021): Found 1 design units, including 1 entities, in source file db/ip/sld51b63651/submodules/alt_sld_fab_alt_sld_fab_presplit.sv
    Info (12023): Found entity 1: alt_sld_fab_alt_sld_fab_presplit File: C:/Users/Ruoya/Documents/GitHub/VHDL-Learning/MUSIC-BUZZER/db/ip/sld51b63651/submodules/alt_sld_fab_alt_sld_fab_presplit.sv Line: 3
Info (12021): Found 2 design units, including 1 entities, in source file db/ip/sld51b63651/submodules/alt_sld_fab_alt_sld_fab_sldfabric.vhd
    Info (12022): Found design unit 1: alt_sld_fab_alt_sld_fab_sldfabric-rtl File: C:/Users/Ruoya/Documents/GitHub/VHDL-Learning/MUSIC-BUZZER/db/ip/sld51b63651/submodules/alt_sld_fab_alt_sld_fab_sldfabric.vhd Line: 102
    Info (12023): Found entity 1: alt_sld_fab_alt_sld_fab_sldfabric File: C:/Users/Ruoya/Documents/GitHub/VHDL-Learning/MUSIC-BUZZER/db/ip/sld51b63651/submodules/alt_sld_fab_alt_sld_fab_sldfabric.vhd Line: 11
Info (12021): Found 1 design units, including 1 entities, in source file db/ip/sld51b63651/submodules/alt_sld_fab_alt_sld_fab_splitter.sv
    Info (12023): Found entity 1: alt_sld_fab_alt_sld_fab_splitter File: C:/Users/Ruoya/Documents/GitHub/VHDL-Learning/MUSIC-BUZZER/db/ip/sld51b63651/submodules/alt_sld_fab_alt_sld_fab_splitter.sv Line: 3
Info (286031): Timing-Driven Synthesis is running on partition "Top"
Info (13000): Registers with preset signals will power-up high File: c:/intelfpga/16.1/quartus/libraries/megafunctions/sld_jtag_hub.vhd Line: 386
Info (13003): DEV_CLRn pin will set, and not reset, register with preset signal due to NOT Gate Push-Back
Info (286031): Timing-Driven Synthesis is running on partition "sld_hub:auto_hub"
Info (16010): Generating hard_block partition "hard_block:auto_generated_inst"
    Info (16011): Adding 0 node(s), including 0 DDIO, 0 PLL, 0 transceiver and 0 LCELL
Info (21057): Implemented 1153 device resources after synthesis - the final resource count might be different
    Info (21058): Implemented 4 input pins
    Info (21059): Implemented 2 output pins
    Info (21061): Implemented 1137 logic cells
    Info (21064): Implemented 9 RAM segments
Info: Quartus Prime Analysis & Synthesis was successful. 0 errors, 22 warnings
    Info: Peak virtual memory: 702 megabytes
    Info: Processing ended: Fri May 12 13:16:18 2017
    Info: Elapsed time: 00:00:31
    Info: Total CPU time (on all processors): 00:00:51


